2025-11-10 16:28:53 - PhotoCropPipeline - INFO - ================================================================================
2025-11-10 16:28:53 - PhotoCropPipeline - INFO - INICIO DE PROCESADOR DETERMINISTA
2025-11-10 16:28:53 - PhotoCropPipeline - INFO - ================================================================================
2025-11-10 16:28:53 - PhotoCropPipeline - INFO - Configuración cargada desde: ./config/paths.json
2025-11-10 16:30:18 - PhotoCropPipeline - INFO - ================================================================================
2025-11-10 16:30:18 - PhotoCropPipeline - INFO - INICIO DE PROCESADOR DETERMINISTA
2025-11-10 16:30:18 - PhotoCropPipeline - INFO - ================================================================================
2025-11-10 16:30:18 - PhotoCropPipeline - INFO - Configuración cargada desde: ./config/paths.json
2025-11-10 16:30:18 - PhotoCropPipeline - INFO - Inicialización completada
2025-11-10 16:30:18 - PhotoCropPipeline - INFO - 
================================================================================
2025-11-10 16:30:18 - PhotoCropPipeline - INFO - 2. ESCANEO DE ENTRADA
2025-11-10 16:30:18 - PhotoCropPipeline - INFO - ================================================================================
2025-11-10 16:30:18 - PhotoCropPipeline - INFO - Total de archivos encontrados: 6
2025-11-10 16:30:18 - PhotoCropPipeline - INFO - 
================================================================================
2025-11-10 16:30:18 - PhotoCropPipeline - INFO - 3. FILTRADO DE ARCHIVOS NUEVOS
2025-11-10 16:30:18 - PhotoCropPipeline - INFO - ================================================================================
2025-11-10 16:30:18 - PhotoCropPipeline - INFO - Archivos nuevos a procesar: 6
2025-11-10 16:30:18 - PhotoCropPipeline - INFO - 
================================================================================
2025-11-10 16:30:18 - PhotoCropPipeline - INFO - 4. PROCESAMIENTO DE ARCHIVOS NUEVOS
2025-11-10 16:30:18 - PhotoCropPipeline - INFO - ================================================================================
2025-11-10 16:30:18 - PhotoCropPipeline - INFO - 
============================================================
2025-11-10 16:30:18 - PhotoCropPipeline - INFO - Procesando: 60387033.jpeg
2025-11-10 16:30:18 - PhotoCropPipeline - INFO - ============================================================
2025-11-10 16:30:18 - PhotoCropPipeline - INFO - 4.1 Validación básica...
2025-11-10 16:30:18 - PhotoCropPipeline - INFO -   Dimensiones: 1403x1600
2025-11-10 16:30:18 - PhotoCropPipeline - INFO -   Formato: JPEG
2025-11-10 16:30:18 - PhotoCropPipeline - INFO - 4.2 Creando metadato inicial...
2025-11-10 16:30:18 - PhotoCropPipeline - INFO -   Orientación: portrait
2025-11-10 16:30:18 - PhotoCropPipeline - INFO - 4.3 Detección facial con dlib...
2025-11-10 16:30:19 - PhotoCropPipeline - INFO -   Rostros detectados: 1
2025-11-10 16:30:19 - PhotoCropPipeline - ERROR - Error inesperado: 'tuple' object has no attribute 'left'
Traceback (most recent call last):
  File "/home/lmayta/PycharmProjects/PhotoCrop/src/deterministic_processor.py", line 338, in _process_single_file
    face_box = self._face_to_box(faces[0])
               ^^^^^^^^^^^^^^^^^^^^^^^^^^^
  File "/home/lmayta/PycharmProjects/PhotoCrop/src/deterministic_processor.py", line 423, in _face_to_box
    return [face.left(), face.top(), face.width(), face.height()]
            ^^^^^^^^^
AttributeError: 'tuple' object has no attribute 'left'
2025-11-10 16:30:19 - PhotoCropPipeline - ERROR -   ✗ Error en procesamiento
2025-11-10 16:30:19 - PhotoCropPipeline - ERROR -   ✗ Imagen con error → errors/2025/admission_2025_01/60387033.jpeg
2025-11-10 16:30:19 - PhotoCropPipeline - INFO - 
============================================================
2025-11-10 16:30:19 - PhotoCropPipeline - INFO - Procesando: 72836440.jpeg
2025-11-10 16:30:19 - PhotoCropPipeline - INFO - ============================================================
2025-11-10 16:30:19 - PhotoCropPipeline - INFO - 4.1 Validación básica...
2025-11-10 16:30:19 - PhotoCropPipeline - INFO -   Dimensiones: 960x1280
2025-11-10 16:30:19 - PhotoCropPipeline - INFO -   Formato: JPEG
2025-11-10 16:30:19 - PhotoCropPipeline - INFO - 4.2 Creando metadato inicial...
2025-11-10 16:30:19 - PhotoCropPipeline - INFO -   Orientación: portrait
2025-11-10 16:30:19 - PhotoCropPipeline - INFO - 4.3 Detección facial con dlib...
2025-11-10 16:30:19 - PhotoCropPipeline - INFO -   Rostros detectados: 1
2025-11-10 16:30:19 - PhotoCropPipeline - ERROR - Error inesperado: 'tuple' object has no attribute 'left'
Traceback (most recent call last):
  File "/home/lmayta/PycharmProjects/PhotoCrop/src/deterministic_processor.py", line 338, in _process_single_file
    face_box = self._face_to_box(faces[0])
               ^^^^^^^^^^^^^^^^^^^^^^^^^^^
  File "/home/lmayta/PycharmProjects/PhotoCrop/src/deterministic_processor.py", line 423, in _face_to_box
    return [face.left(), face.top(), face.width(), face.height()]
            ^^^^^^^^^
AttributeError: 'tuple' object has no attribute 'left'
2025-11-10 16:30:19 - PhotoCropPipeline - ERROR -   ✗ Error en procesamiento
2025-11-10 16:30:19 - PhotoCropPipeline - ERROR -   ✗ Imagen con error → errors/2025/admission_2025_01/72836440.jpeg
2025-11-10 16:30:19 - PhotoCropPipeline - INFO - 
============================================================
2025-11-10 16:30:19 - PhotoCropPipeline - INFO - Procesando: 73925636.png
2025-11-10 16:30:19 - PhotoCropPipeline - INFO - ============================================================
2025-11-10 16:30:19 - PhotoCropPipeline - INFO - 4.1 Validación básica...
2025-11-10 16:30:19 - PhotoCropPipeline - INFO -   Dimensiones: 458x710
2025-11-10 16:30:19 - PhotoCropPipeline - INFO -   Formato: PNG
2025-11-10 16:30:19 - PhotoCropPipeline - INFO - 4.2 Creando metadato inicial...
2025-11-10 16:30:19 - PhotoCropPipeline - INFO -   Orientación: portrait
2025-11-10 16:30:19 - PhotoCropPipeline - INFO - 4.3 Detección facial con dlib...
2025-11-10 16:30:19 - PhotoCropPipeline - INFO -   Rostros detectados: 1
2025-11-10 16:30:19 - PhotoCropPipeline - ERROR - Error inesperado: 'tuple' object has no attribute 'left'
Traceback (most recent call last):
  File "/home/lmayta/PycharmProjects/PhotoCrop/src/deterministic_processor.py", line 338, in _process_single_file
    face_box = self._face_to_box(faces[0])
               ^^^^^^^^^^^^^^^^^^^^^^^^^^^
  File "/home/lmayta/PycharmProjects/PhotoCrop/src/deterministic_processor.py", line 423, in _face_to_box
    return [face.left(), face.top(), face.width(), face.height()]
            ^^^^^^^^^
AttributeError: 'tuple' object has no attribute 'left'
2025-11-10 16:30:19 - PhotoCropPipeline - ERROR -   ✗ Error en procesamiento
2025-11-10 16:30:19 - PhotoCropPipeline - ERROR -   ✗ Imagen con error → errors/2025/admission_2025_01/73925636.png
2025-11-10 16:30:19 - PhotoCropPipeline - INFO - 
============================================================
2025-11-10 16:30:19 - PhotoCropPipeline - INFO - Procesando: 60685876.jpeg
2025-11-10 16:30:19 - PhotoCropPipeline - INFO - ============================================================
2025-11-10 16:30:19 - PhotoCropPipeline - INFO - 4.1 Validación básica...
2025-11-10 16:30:19 - PhotoCropPipeline - INFO -   Dimensiones: 728x1296
2025-11-10 16:30:19 - PhotoCropPipeline - INFO -   Formato: JPEG
2025-11-10 16:30:19 - PhotoCropPipeline - INFO - 4.2 Creando metadato inicial...
2025-11-10 16:30:19 - PhotoCropPipeline - INFO -   Orientación: portrait
2025-11-10 16:30:19 - PhotoCropPipeline - INFO - 4.3 Detección facial con dlib...
2025-11-10 16:30:20 - PhotoCropPipeline - INFO -   Rostros detectados: 1
2025-11-10 16:30:20 - PhotoCropPipeline - ERROR - Error inesperado: 'tuple' object has no attribute 'left'
Traceback (most recent call last):
  File "/home/lmayta/PycharmProjects/PhotoCrop/src/deterministic_processor.py", line 338, in _process_single_file
    face_box = self._face_to_box(faces[0])
               ^^^^^^^^^^^^^^^^^^^^^^^^^^^
  File "/home/lmayta/PycharmProjects/PhotoCrop/src/deterministic_processor.py", line 423, in _face_to_box
    return [face.left(), face.top(), face.width(), face.height()]
            ^^^^^^^^^
AttributeError: 'tuple' object has no attribute 'left'
2025-11-10 16:30:20 - PhotoCropPipeline - ERROR -   ✗ Error en procesamiento
2025-11-10 16:30:20 - PhotoCropPipeline - ERROR -   ✗ Imagen con error → errors/2025/admission_2025_01/60685876.jpeg
2025-11-10 16:30:20 - PhotoCropPipeline - INFO - 
============================================================
2025-11-10 16:30:20 - PhotoCropPipeline - INFO - Procesando: 61394054.jpeg
2025-11-10 16:30:20 - PhotoCropPipeline - INFO - ============================================================
2025-11-10 16:30:20 - PhotoCropPipeline - INFO - 4.1 Validación básica...
2025-11-10 16:30:20 - PhotoCropPipeline - INFO -   Dimensiones: 1200x1600
2025-11-10 16:30:20 - PhotoCropPipeline - INFO -   Formato: JPEG
2025-11-10 16:30:20 - PhotoCropPipeline - INFO - 4.2 Creando metadato inicial...
2025-11-10 16:30:20 - PhotoCropPipeline - INFO -   Orientación: portrait
2025-11-10 16:30:20 - PhotoCropPipeline - INFO - 4.3 Detección facial con dlib...
2025-11-10 16:30:20 - PhotoCropPipeline - INFO -   Rostros detectados: 2
2025-11-10 16:30:20 - PhotoCropPipeline - ERROR - Error inesperado: 'tuple' object has no attribute 'left'
Traceback (most recent call last):
  File "/home/lmayta/PycharmProjects/PhotoCrop/src/deterministic_processor.py", line 342, in _process_single_file
    face_box = self._face_to_box(largest_face)
               ^^^^^^^^^^^^^^^^^^^^^^^^^^^^^^^
  File "/home/lmayta/PycharmProjects/PhotoCrop/src/deterministic_processor.py", line 423, in _face_to_box
    return [face.left(), face.top(), face.width(), face.height()]
            ^^^^^^^^^
AttributeError: 'tuple' object has no attribute 'left'
2025-11-10 16:30:20 - PhotoCropPipeline - ERROR -   ✗ Error en procesamiento
2025-11-10 16:30:20 - PhotoCropPipeline - ERROR -   ✗ Imagen con error → errors/2025/admission_2025_01/61394054.jpeg
2025-11-10 16:30:20 - PhotoCropPipeline - INFO - 
============================================================
2025-11-10 16:30:20 - PhotoCropPipeline - INFO - Procesando: 71677631.jpeg
2025-11-10 16:30:20 - PhotoCropPipeline - INFO - ============================================================
2025-11-10 16:30:20 - PhotoCropPipeline - INFO - 4.1 Validación básica...
2025-11-10 16:30:20 - PhotoCropPipeline - INFO -   Dimensiones: 1654x2339
2025-11-10 16:30:20 - PhotoCropPipeline - INFO -   Formato: JPEG
2025-11-10 16:30:20 - PhotoCropPipeline - INFO - 4.2 Creando metadato inicial...
2025-11-10 16:30:20 - PhotoCropPipeline - INFO -   Orientación: portrait
2025-11-10 16:30:20 - PhotoCropPipeline - INFO - 4.3 Detección facial con dlib...
2025-11-10 16:30:22 - PhotoCropPipeline - INFO -   Rostros detectados: 1
2025-11-10 16:30:22 - PhotoCropPipeline - ERROR - Error inesperado: 'tuple' object has no attribute 'left'
Traceback (most recent call last):
  File "/home/lmayta/PycharmProjects/PhotoCrop/src/deterministic_processor.py", line 338, in _process_single_file
    face_box = self._face_to_box(faces[0])
               ^^^^^^^^^^^^^^^^^^^^^^^^^^^
  File "/home/lmayta/PycharmProjects/PhotoCrop/src/deterministic_processor.py", line 423, in _face_to_box
    return [face.left(), face.top(), face.width(), face.height()]
            ^^^^^^^^^
AttributeError: 'tuple' object has no attribute 'left'
2025-11-10 16:30:22 - PhotoCropPipeline - ERROR -   ✗ Error en procesamiento
2025-11-10 16:30:22 - PhotoCropPipeline - ERROR -   ✗ Imagen con error → errors/2025/admission_2025_01/71677631.jpeg
2025-11-10 16:30:22 - PhotoCropPipeline - INFO - 
================================================================================
2025-11-10 16:30:22 - PhotoCropPipeline - INFO - 7. RESUMEN DE PROCESAMIENTO
2025-11-10 16:30:22 - PhotoCropPipeline - INFO - ================================================================================
2025-11-10 16:30:22 - PhotoCropPipeline - INFO - Total encontrados: 6
2025-11-10 16:30:22 - PhotoCropPipeline - INFO - Saltados (ya procesados): 0
2025-11-10 16:30:22 - PhotoCropPipeline - INFO - Nuevos procesados:
2025-11-10 16:30:22 - PhotoCropPipeline - INFO -   ✓ Exitosos: 0
2025-11-10 16:30:22 - PhotoCropPipeline - INFO -   ⚠️  Revisión manual: 0
2025-11-10 16:30:22 - PhotoCropPipeline - INFO -   ✗ Errores: 6
2025-11-10 16:30:22 - PhotoCropPipeline - INFO - ================================================================================
2025-11-10 16:30:50 - PhotoCropPipeline - INFO - ================================================================================
2025-11-10 16:30:50 - PhotoCropPipeline - INFO - INICIO DE PROCESADOR DETERMINISTA
2025-11-10 16:30:50 - PhotoCropPipeline - INFO - ================================================================================
2025-11-10 16:30:50 - PhotoCropPipeline - INFO - Configuración cargada desde: ./config/paths.json
2025-11-10 16:30:50 - PhotoCropPipeline - INFO - Inicialización completada
2025-11-10 16:30:50 - PhotoCropPipeline - INFO - 
================================================================================
2025-11-10 16:30:50 - PhotoCropPipeline - INFO - 2. ESCANEO DE ENTRADA
2025-11-10 16:30:50 - PhotoCropPipeline - INFO - ================================================================================
2025-11-10 16:30:50 - PhotoCropPipeline - INFO - Total de archivos encontrados: 6
2025-11-10 16:30:50 - PhotoCropPipeline - INFO - 
================================================================================
2025-11-10 16:30:50 - PhotoCropPipeline - INFO - 3. FILTRADO DE ARCHIVOS NUEVOS
2025-11-10 16:30:50 - PhotoCropPipeline - INFO - ================================================================================
2025-11-10 16:30:50 - PhotoCropPipeline - INFO - ✓ Ya procesado, saltando: 60387033.jpeg
2025-11-10 16:30:50 - PhotoCropPipeline - INFO - ✓ Ya procesado, saltando: 72836440.jpeg
2025-11-10 16:30:50 - PhotoCropPipeline - INFO - ✓ Ya procesado, saltando: 73925636.png
2025-11-10 16:30:50 - PhotoCropPipeline - INFO - ✓ Ya procesado, saltando: 60685876.jpeg
2025-11-10 16:30:50 - PhotoCropPipeline - INFO - ✓ Ya procesado, saltando: 61394054.jpeg
2025-11-10 16:30:50 - PhotoCropPipeline - INFO - ✓ Ya procesado, saltando: 71677631.jpeg
2025-11-10 16:30:50 - PhotoCropPipeline - INFO - No hay archivos nuevos para procesar
2025-11-10 16:32:31 - PhotoCropPipeline - INFO - ================================================================================
2025-11-10 16:32:31 - PhotoCropPipeline - INFO - INICIO DE PROCESADOR DETERMINISTA
2025-11-10 16:32:31 - PhotoCropPipeline - INFO - ================================================================================
2025-11-10 16:32:31 - PhotoCropPipeline - INFO - Configuración cargada desde: ./config/paths.json
2025-11-10 16:32:31 - PhotoCropPipeline - INFO - Inicialización completada
2025-11-10 16:32:31 - PhotoCropPipeline - INFO - 
================================================================================
2025-11-10 16:32:31 - PhotoCropPipeline - INFO - 2. ESCANEO DE ENTRADA
2025-11-10 16:32:31 - PhotoCropPipeline - INFO - ================================================================================
2025-11-10 16:32:31 - PhotoCropPipeline - INFO - Total de archivos encontrados: 6
2025-11-10 16:32:31 - PhotoCropPipeline - INFO - 
================================================================================
2025-11-10 16:32:31 - PhotoCropPipeline - INFO - 3. FILTRADO DE ARCHIVOS NUEVOS
2025-11-10 16:32:31 - PhotoCropPipeline - INFO - ================================================================================
2025-11-10 16:32:31 - PhotoCropPipeline - INFO - Archivos nuevos a procesar: 6
2025-11-10 16:32:31 - PhotoCropPipeline - INFO - 
================================================================================
2025-11-10 16:32:31 - PhotoCropPipeline - INFO - 4. PROCESAMIENTO DE ARCHIVOS NUEVOS
2025-11-10 16:32:31 - PhotoCropPipeline - INFO - ================================================================================
2025-11-10 16:32:31 - PhotoCropPipeline - INFO - 
============================================================
2025-11-10 16:32:31 - PhotoCropPipeline - INFO - Procesando: 60387033.jpeg
2025-11-10 16:32:31 - PhotoCropPipeline - INFO - ============================================================
2025-11-10 16:32:31 - PhotoCropPipeline - INFO - 4.1 Validación básica...
2025-11-10 16:32:31 - PhotoCropPipeline - INFO -   Dimensiones: 1403x1600
2025-11-10 16:32:31 - PhotoCropPipeline - INFO -   Formato: JPEG
2025-11-10 16:32:31 - PhotoCropPipeline - INFO - 4.2 Creando metadato inicial...
2025-11-10 16:32:31 - PhotoCropPipeline - INFO -   Orientación: portrait
2025-11-10 16:32:31 - PhotoCropPipeline - INFO - 4.3 Detección facial con dlib...
2025-11-10 16:32:32 - PhotoCropPipeline - INFO -   Rostros detectados: 1
2025-11-10 16:32:32 - PhotoCropPipeline - INFO -   ✓ Un rostro detectado
2025-11-10 16:32:32 - PhotoCropPipeline - INFO -   ✓ Aplicando recorte...
2025-11-10 16:32:32 - PhotoCropPipeline - INFO -   ✓ Imagen procesada exitosamente → output/60387033.jpeg
2025-11-10 16:32:32 - PhotoCropPipeline - INFO - 
============================================================
2025-11-10 16:32:32 - PhotoCropPipeline - INFO - Procesando: 72836440.jpeg
2025-11-10 16:32:32 - PhotoCropPipeline - INFO - ============================================================
2025-11-10 16:32:32 - PhotoCropPipeline - INFO - 4.1 Validación básica...
2025-11-10 16:32:32 - PhotoCropPipeline - INFO -   Dimensiones: 960x1280
2025-11-10 16:32:32 - PhotoCropPipeline - INFO -   Formato: JPEG
2025-11-10 16:32:32 - PhotoCropPipeline - INFO - 4.2 Creando metadato inicial...
2025-11-10 16:32:32 - PhotoCropPipeline - INFO -   Orientación: portrait
2025-11-10 16:32:32 - PhotoCropPipeline - INFO - 4.3 Detección facial con dlib...
2025-11-10 16:32:33 - PhotoCropPipeline - INFO -   Rostros detectados: 1
2025-11-10 16:32:33 - PhotoCropPipeline - INFO -   ✓ Un rostro detectado
2025-11-10 16:32:33 - PhotoCropPipeline - INFO -   ✓ Aplicando recorte...
2025-11-10 16:32:33 - PhotoCropPipeline - INFO -   ✓ Imagen procesada exitosamente → output/72836440.jpeg
2025-11-10 16:32:33 - PhotoCropPipeline - INFO - 
============================================================
2025-11-10 16:32:33 - PhotoCropPipeline - INFO - Procesando: 73925636.png
2025-11-10 16:32:33 - PhotoCropPipeline - INFO - ============================================================
2025-11-10 16:32:33 - PhotoCropPipeline - INFO - 4.1 Validación básica...
2025-11-10 16:32:33 - PhotoCropPipeline - INFO -   Dimensiones: 458x710
2025-11-10 16:32:33 - PhotoCropPipeline - INFO -   Formato: PNG
2025-11-10 16:32:33 - PhotoCropPipeline - INFO - 4.2 Creando metadato inicial...
2025-11-10 16:32:33 - PhotoCropPipeline - INFO -   Orientación: portrait
2025-11-10 16:32:33 - PhotoCropPipeline - INFO - 4.3 Detección facial con dlib...
2025-11-10 16:32:33 - PhotoCropPipeline - INFO -   Rostros detectados: 1
2025-11-10 16:32:33 - PhotoCropPipeline - INFO -   ✓ Un rostro detectado
2025-11-10 16:32:33 - PhotoCropPipeline - INFO -   ✓ Aplicando recorte...
2025-11-10 16:32:33 - PhotoCropPipeline - INFO -   ✓ Imagen procesada exitosamente → output/73925636.png
2025-11-10 16:32:33 - PhotoCropPipeline - INFO - 
============================================================
2025-11-10 16:32:33 - PhotoCropPipeline - INFO - Procesando: 60685876.jpeg
2025-11-10 16:32:33 - PhotoCropPipeline - INFO - ============================================================
2025-11-10 16:32:33 - PhotoCropPipeline - INFO - 4.1 Validación básica...
2025-11-10 16:32:33 - PhotoCropPipeline - INFO -   Dimensiones: 728x1296
2025-11-10 16:32:33 - PhotoCropPipeline - INFO -   Formato: JPEG
2025-11-10 16:32:33 - PhotoCropPipeline - INFO - 4.2 Creando metadato inicial...
2025-11-10 16:32:33 - PhotoCropPipeline - INFO -   Orientación: portrait
2025-11-10 16:32:33 - PhotoCropPipeline - INFO - 4.3 Detección facial con dlib...
2025-11-10 16:32:33 - PhotoCropPipeline - INFO -   Rostros detectados: 1
2025-11-10 16:32:33 - PhotoCropPipeline - INFO -   ✓ Un rostro detectado
2025-11-10 16:32:33 - PhotoCropPipeline - INFO -   ✓ Aplicando recorte...
2025-11-10 16:32:33 - PhotoCropPipeline - INFO -   ✓ Imagen procesada exitosamente → output/60685876.jpeg
2025-11-10 16:32:33 - PhotoCropPipeline - INFO - 
============================================================
2025-11-10 16:32:33 - PhotoCropPipeline - INFO - Procesando: 61394054.jpeg
2025-11-10 16:32:33 - PhotoCropPipeline - INFO - ============================================================
2025-11-10 16:32:33 - PhotoCropPipeline - INFO - 4.1 Validación básica...
2025-11-10 16:32:33 - PhotoCropPipeline - INFO -   Dimensiones: 1200x1600
2025-11-10 16:32:33 - PhotoCropPipeline - INFO -   Formato: JPEG
2025-11-10 16:32:33 - PhotoCropPipeline - INFO - 4.2 Creando metadato inicial...
2025-11-10 16:32:33 - PhotoCropPipeline - INFO -   Orientación: portrait
2025-11-10 16:32:33 - PhotoCropPipeline - INFO - 4.3 Detección facial con dlib...
2025-11-10 16:32:34 - PhotoCropPipeline - INFO -   Rostros detectados: 2
2025-11-10 16:32:34 - PhotoCropPipeline - WARNING -   ⚠️  Detectados 2 rostros
2025-11-10 16:32:34 - PhotoCropPipeline - WARNING -   ⚠️  Imagen enviada a revisión manual → manual_review/2025/admission_2025_01/61394054.jpeg
2025-11-10 16:32:34 - PhotoCropPipeline - INFO - 
============================================================
2025-11-10 16:32:34 - PhotoCropPipeline - INFO - Procesando: 71677631.jpeg
2025-11-10 16:32:34 - PhotoCropPipeline - INFO - ============================================================
2025-11-10 16:32:34 - PhotoCropPipeline - INFO - 4.1 Validación básica...
2025-11-10 16:32:34 - PhotoCropPipeline - INFO -   Dimensiones: 1654x2339
2025-11-10 16:32:34 - PhotoCropPipeline - INFO -   Formato: JPEG
2025-11-10 16:32:34 - PhotoCropPipeline - INFO - 4.2 Creando metadato inicial...
2025-11-10 16:32:34 - PhotoCropPipeline - INFO -   Orientación: portrait
2025-11-10 16:32:34 - PhotoCropPipeline - INFO - 4.3 Detección facial con dlib...
2025-11-10 16:32:35 - PhotoCropPipeline - INFO -   Rostros detectados: 1
2025-11-10 16:32:35 - PhotoCropPipeline - INFO -   ✓ Un rostro detectado
2025-11-10 16:32:35 - PhotoCropPipeline - INFO -   ✓ Aplicando recorte...
2025-11-10 16:32:35 - PhotoCropPipeline - INFO -   ✓ Imagen procesada exitosamente → output/71677631.jpeg
2025-11-10 16:32:35 - PhotoCropPipeline - INFO - 
================================================================================
2025-11-10 16:32:35 - PhotoCropPipeline - INFO - 7. RESUMEN DE PROCESAMIENTO
2025-11-10 16:32:35 - PhotoCropPipeline - INFO - ================================================================================
2025-11-10 16:32:35 - PhotoCropPipeline - INFO - Total encontrados: 6
2025-11-10 16:32:35 - PhotoCropPipeline - INFO - Saltados (ya procesados): 0
2025-11-10 16:32:35 - PhotoCropPipeline - INFO - Nuevos procesados:
2025-11-10 16:32:35 - PhotoCropPipeline - INFO -   ✓ Exitosos: 5
2025-11-10 16:32:35 - PhotoCropPipeline - INFO -   ⚠️  Revisión manual: 1
2025-11-10 16:32:35 - PhotoCropPipeline - INFO -   ✗ Errores: 0
2025-11-10 16:32:35 - PhotoCropPipeline - INFO - ================================================================================
2025-11-10 16:33:50 - PhotoCropPipeline - INFO - ================================================================================
2025-11-10 16:33:50 - PhotoCropPipeline - INFO - INICIO DE PROCESADOR DETERMINISTA
2025-11-10 16:33:50 - PhotoCropPipeline - INFO - ================================================================================
2025-11-10 16:33:50 - PhotoCropPipeline - INFO - Configuración cargada desde: ./config/paths.json
2025-11-10 16:33:50 - PhotoCropPipeline - INFO - Inicialización completada
2025-11-10 16:33:50 - PhotoCropPipeline - INFO - 
================================================================================
2025-11-10 16:33:50 - PhotoCropPipeline - INFO - 2. ESCANEO DE ENTRADA
2025-11-10 16:33:50 - PhotoCropPipeline - INFO - ================================================================================
2025-11-10 16:33:50 - PhotoCropPipeline - INFO - Total de archivos encontrados: 6
2025-11-10 16:33:50 - PhotoCropPipeline - INFO - 
================================================================================
2025-11-10 16:33:50 - PhotoCropPipeline - INFO - 3. FILTRADO DE ARCHIVOS NUEVOS
2025-11-10 16:33:50 - PhotoCropPipeline - INFO - ================================================================================
2025-11-10 16:33:50 - PhotoCropPipeline - INFO - ✓ Ya procesado, saltando: 60387033.jpeg
2025-11-10 16:33:50 - PhotoCropPipeline - INFO - ✓ Ya procesado, saltando: 72836440.jpeg
2025-11-10 16:33:50 - PhotoCropPipeline - INFO - ✓ Ya procesado, saltando: 73925636.png
2025-11-10 16:33:50 - PhotoCropPipeline - INFO - ✓ Ya procesado, saltando: 60685876.jpeg
2025-11-10 16:33:50 - PhotoCropPipeline - INFO - ✓ Ya procesado, saltando: 61394054.jpeg
2025-11-10 16:33:50 - PhotoCropPipeline - INFO - ✓ Ya procesado, saltando: 71677631.jpeg
2025-11-10 16:33:50 - PhotoCropPipeline - INFO - No hay archivos nuevos para procesar
2025-11-10 16:33:59 - PhotoCropPipeline - INFO - ================================================================================
2025-11-10 16:33:59 - PhotoCropPipeline - INFO - INICIO DE PROCESADOR DETERMINISTA
2025-11-10 16:33:59 - PhotoCropPipeline - INFO - ================================================================================
2025-11-10 16:33:59 - PhotoCropPipeline - INFO - Configuración cargada desde: ./config/paths.json
2025-11-10 16:33:59 - PhotoCropPipeline - INFO - Inicialización completada
2025-11-10 16:33:59 - PhotoCropPipeline - INFO - 
================================================================================
2025-11-10 16:33:59 - PhotoCropPipeline - INFO - 2. ESCANEO DE ENTRADA
2025-11-10 16:33:59 - PhotoCropPipeline - INFO - ================================================================================
2025-11-10 16:33:59 - PhotoCropPipeline - INFO - Total de archivos encontrados: 6
2025-11-10 16:33:59 - PhotoCropPipeline - INFO - 
================================================================================
2025-11-10 16:33:59 - PhotoCropPipeline - INFO - 3. FILTRADO DE ARCHIVOS NUEVOS
2025-11-10 16:33:59 - PhotoCropPipeline - INFO - ================================================================================
2025-11-10 16:33:59 - PhotoCropPipeline - INFO - ✓ Ya procesado, saltando: 60387033.jpeg
2025-11-10 16:33:59 - PhotoCropPipeline - INFO - ✓ Ya procesado, saltando: 72836440.jpeg
2025-11-10 16:33:59 - PhotoCropPipeline - INFO - ✓ Ya procesado, saltando: 73925636.png
2025-11-10 16:33:59 - PhotoCropPipeline - INFO - ✓ Ya procesado, saltando: 60685876.jpeg
2025-11-10 16:33:59 - PhotoCropPipeline - INFO - ✓ Ya procesado, saltando: 61394054.jpeg
2025-11-10 16:33:59 - PhotoCropPipeline - INFO - ✓ Ya procesado, saltando: 71677631.jpeg
2025-11-10 16:33:59 - PhotoCropPipeline - INFO - No hay archivos nuevos para procesar
2025-11-10 16:41:39 - PhotoCropPipeline - INFO - ================================================================================
2025-11-10 16:41:39 - PhotoCropPipeline - INFO - INICIO DE PROCESADOR DETERMINISTA
2025-11-10 16:41:39 - PhotoCropPipeline - INFO - ================================================================================
2025-11-10 16:41:39 - PhotoCropPipeline - INFO - Configuración cargada desde: ./config/paths.json
2025-11-10 16:41:40 - PhotoCropPipeline - INFO - Inicialización completada
2025-11-10 16:41:40 - PhotoCropPipeline - INFO - 
================================================================================
2025-11-10 16:41:40 - PhotoCropPipeline - INFO - 2. ESCANEO DE ENTRADA
2025-11-10 16:41:40 - PhotoCropPipeline - INFO - ================================================================================
2025-11-10 16:41:40 - PhotoCropPipeline - INFO - Total de archivos encontrados: 6
2025-11-10 16:41:40 - PhotoCropPipeline - INFO - 
================================================================================
2025-11-10 16:41:40 - PhotoCropPipeline - INFO - 3. FILTRADO DE ARCHIVOS NUEVOS
2025-11-10 16:41:40 - PhotoCropPipeline - INFO - ================================================================================
2025-11-10 16:41:40 - PhotoCropPipeline - INFO - Archivos nuevos a procesar: 6
2025-11-10 16:41:40 - PhotoCropPipeline - INFO - 
================================================================================
2025-11-10 16:41:40 - PhotoCropPipeline - INFO - 4. PROCESAMIENTO DE ARCHIVOS NUEVOS
2025-11-10 16:41:40 - PhotoCropPipeline - INFO - ================================================================================
2025-11-10 16:41:40 - PhotoCropPipeline - INFO - 
============================================================
2025-11-10 16:41:40 - PhotoCropPipeline - INFO - Procesando: 60387033.jpeg
2025-11-10 16:41:40 - PhotoCropPipeline - INFO - ============================================================
2025-11-10 16:41:40 - PhotoCropPipeline - INFO - 4.1 Validación básica...
2025-11-10 16:41:40 - PhotoCropPipeline - INFO -   Dimensiones: 1403x1600
2025-11-10 16:41:40 - PhotoCropPipeline - INFO -   Formato: JPEG
2025-11-10 16:41:40 - PhotoCropPipeline - INFO - 4.2 Creando metadato inicial...
2025-11-10 16:41:40 - PhotoCropPipeline - INFO -   Orientación: portrait
2025-11-10 16:41:40 - PhotoCropPipeline - INFO - 4.3 Detección facial con dlib...
2025-11-10 16:41:41 - PhotoCropPipeline - INFO -   Rostros detectados: 1
2025-11-10 16:41:41 - PhotoCropPipeline - INFO -   ✓ Un rostro detectado
2025-11-10 16:41:41 - PhotoCropPipeline - WARNING -   ⚠️  Imagen enviada a revisión manual → manual_review/2025/admission_2025_01/60387033.jpeg
2025-11-10 16:41:41 - PhotoCropPipeline - INFO - 
============================================================
2025-11-10 16:41:41 - PhotoCropPipeline - INFO - Procesando: 72836440.jpeg
2025-11-10 16:41:41 - PhotoCropPipeline - INFO - ============================================================
2025-11-10 16:41:41 - PhotoCropPipeline - INFO - 4.1 Validación básica...
2025-11-10 16:41:41 - PhotoCropPipeline - INFO -   Dimensiones: 960x1280
2025-11-10 16:41:41 - PhotoCropPipeline - INFO -   Formato: JPEG
2025-11-10 16:41:41 - PhotoCropPipeline - INFO - 4.2 Creando metadato inicial...
2025-11-10 16:41:41 - PhotoCropPipeline - INFO -   Orientación: portrait
2025-11-10 16:41:41 - PhotoCropPipeline - INFO - 4.3 Detección facial con dlib...
2025-11-10 16:41:41 - PhotoCropPipeline - INFO -   Rostros detectados: 1
2025-11-10 16:41:41 - PhotoCropPipeline - INFO -   ✓ Un rostro detectado
2025-11-10 16:41:41 - PhotoCropPipeline - INFO -   ✓ Aplicando recorte...
2025-11-10 16:41:41 - PhotoCropPipeline - INFO -   ✓ Imagen procesada exitosamente → output/72836440.jpeg
2025-11-10 16:41:41 - PhotoCropPipeline - INFO - 
============================================================
2025-11-10 16:41:41 - PhotoCropPipeline - INFO - Procesando: 73925636.png
2025-11-10 16:41:41 - PhotoCropPipeline - INFO - ============================================================
2025-11-10 16:41:41 - PhotoCropPipeline - INFO - 4.1 Validación básica...
2025-11-10 16:41:41 - PhotoCropPipeline - INFO -   Dimensiones: 458x710
2025-11-10 16:41:41 - PhotoCropPipeline - INFO -   Formato: PNG
2025-11-10 16:41:41 - PhotoCropPipeline - INFO - 4.2 Creando metadato inicial...
2025-11-10 16:41:41 - PhotoCropPipeline - INFO -   Orientación: portrait
2025-11-10 16:41:41 - PhotoCropPipeline - INFO - 4.3 Detección facial con dlib...
2025-11-10 16:41:41 - PhotoCropPipeline - INFO -   Rostros detectados: 1
2025-11-10 16:41:41 - PhotoCropPipeline - INFO -   ✓ Un rostro detectado
2025-11-10 16:41:41 - PhotoCropPipeline - INFO -   ✓ Aplicando recorte...
2025-11-10 16:41:41 - PhotoCropPipeline - INFO -   ✓ Imagen procesada exitosamente → output/73925636.png
2025-11-10 16:41:41 - PhotoCropPipeline - INFO - 
============================================================
2025-11-10 16:41:41 - PhotoCropPipeline - INFO - Procesando: 60685876.jpeg
2025-11-10 16:41:41 - PhotoCropPipeline - INFO - ============================================================
2025-11-10 16:41:41 - PhotoCropPipeline - INFO - 4.1 Validación básica...
2025-11-10 16:41:41 - PhotoCropPipeline - INFO -   Dimensiones: 728x1296
2025-11-10 16:41:41 - PhotoCropPipeline - INFO -   Formato: JPEG
2025-11-10 16:41:41 - PhotoCropPipeline - INFO - 4.2 Creando metadato inicial...
2025-11-10 16:41:41 - PhotoCropPipeline - INFO -   Orientación: portrait
2025-11-10 16:41:41 - PhotoCropPipeline - INFO - 4.3 Detección facial con dlib...
2025-11-10 16:41:42 - PhotoCropPipeline - INFO -   Rostros detectados: 1
2025-11-10 16:41:42 - PhotoCropPipeline - INFO -   ✓ Un rostro detectado
2025-11-10 16:41:42 - PhotoCropPipeline - INFO -   ✓ Aplicando recorte...
2025-11-10 16:41:42 - PhotoCropPipeline - INFO -   ✓ Imagen procesada exitosamente → output/60685876.jpeg
2025-11-10 16:41:42 - PhotoCropPipeline - INFO - 
============================================================
2025-11-10 16:41:42 - PhotoCropPipeline - INFO - Procesando: 61394054.jpeg
2025-11-10 16:41:42 - PhotoCropPipeline - INFO - ============================================================
2025-11-10 16:41:42 - PhotoCropPipeline - INFO - 4.1 Validación básica...
2025-11-10 16:41:42 - PhotoCropPipeline - INFO -   Dimensiones: 1200x1600
2025-11-10 16:41:42 - PhotoCropPipeline - INFO -   Formato: JPEG
2025-11-10 16:41:42 - PhotoCropPipeline - INFO - 4.2 Creando metadato inicial...
2025-11-10 16:41:42 - PhotoCropPipeline - INFO -   Orientación: portrait
2025-11-10 16:41:42 - PhotoCropPipeline - INFO - 4.3 Detección facial con dlib...
2025-11-10 16:41:42 - PhotoCropPipeline - INFO -   Rostros detectados: 2
2025-11-10 16:41:42 - PhotoCropPipeline - WARNING -   ⚠️  Detectados 2 rostros
2025-11-10 16:41:42 - PhotoCropPipeline - WARNING -   ⚠️  Imagen enviada a revisión manual → manual_review/2025/admission_2025_01/61394054.jpeg
2025-11-10 16:41:42 - PhotoCropPipeline - INFO - 
============================================================
2025-11-10 16:41:42 - PhotoCropPipeline - INFO - Procesando: 71677631.jpeg
2025-11-10 16:41:42 - PhotoCropPipeline - INFO - ============================================================
2025-11-10 16:41:42 - PhotoCropPipeline - INFO - 4.1 Validación básica...
2025-11-10 16:41:42 - PhotoCropPipeline - INFO -   Dimensiones: 1654x2339
2025-11-10 16:41:42 - PhotoCropPipeline - INFO -   Formato: JPEG
2025-11-10 16:41:42 - PhotoCropPipeline - INFO - 4.2 Creando metadato inicial...
2025-11-10 16:41:42 - PhotoCropPipeline - INFO -   Orientación: portrait
2025-11-10 16:41:42 - PhotoCropPipeline - INFO - 4.3 Detección facial con dlib...
2025-11-10 16:41:44 - PhotoCropPipeline - INFO -   Rostros detectados: 1
2025-11-10 16:41:44 - PhotoCropPipeline - INFO -   ✓ Un rostro detectado
2025-11-10 16:41:44 - PhotoCropPipeline - INFO -   ✓ Aplicando recorte...
2025-11-10 16:41:44 - PhotoCropPipeline - INFO -   ✓ Imagen procesada exitosamente → output/71677631.jpeg
2025-11-10 16:41:44 - PhotoCropPipeline - INFO - 
================================================================================
2025-11-10 16:41:44 - PhotoCropPipeline - INFO - 7. RESUMEN DE PROCESAMIENTO
2025-11-10 16:41:44 - PhotoCropPipeline - INFO - ================================================================================
2025-11-10 16:41:44 - PhotoCropPipeline - INFO - Total encontrados: 6
2025-11-10 16:41:44 - PhotoCropPipeline - INFO - Saltados (ya procesados): 0
2025-11-10 16:41:44 - PhotoCropPipeline - INFO - Nuevos procesados:
2025-11-10 16:41:44 - PhotoCropPipeline - INFO -   ✓ Exitosos: 4
2025-11-10 16:41:44 - PhotoCropPipeline - INFO -   ⚠️  Revisión manual: 2
2025-11-10 16:41:44 - PhotoCropPipeline - INFO -   ✗ Errores: 0
2025-11-10 16:41:44 - PhotoCropPipeline - INFO - ================================================================================
2025-11-10 16:43:59 - PhotoCropPipeline - INFO - ================================================================================
2025-11-10 16:43:59 - PhotoCropPipeline - INFO - INICIO DE PROCESADOR DETERMINISTA
2025-11-10 16:43:59 - PhotoCropPipeline - INFO - ================================================================================
2025-11-10 16:43:59 - PhotoCropPipeline - INFO - Configuración cargada desde: ./config/paths.json
2025-11-10 16:44:00 - PhotoCropPipeline - INFO - Inicialización completada
2025-11-10 16:44:00 - PhotoCropPipeline - INFO - 
================================================================================
2025-11-10 16:44:00 - PhotoCropPipeline - INFO - 2. ESCANEO DE ENTRADA
2025-11-10 16:44:00 - PhotoCropPipeline - INFO - ================================================================================
2025-11-10 16:44:00 - PhotoCropPipeline - INFO - Total de archivos encontrados: 6
2025-11-10 16:44:00 - PhotoCropPipeline - INFO - 
================================================================================
2025-11-10 16:44:00 - PhotoCropPipeline - INFO - 3. FILTRADO DE ARCHIVOS NUEVOS
2025-11-10 16:44:00 - PhotoCropPipeline - INFO - ================================================================================
2025-11-10 16:44:00 - PhotoCropPipeline - INFO - Archivos nuevos a procesar: 6
2025-11-10 16:44:00 - PhotoCropPipeline - INFO - 
================================================================================
2025-11-10 16:44:00 - PhotoCropPipeline - INFO - 4. PROCESAMIENTO DE ARCHIVOS NUEVOS
2025-11-10 16:44:00 - PhotoCropPipeline - INFO - ================================================================================
2025-11-10 16:44:00 - PhotoCropPipeline - INFO - 
============================================================
2025-11-10 16:44:00 - PhotoCropPipeline - INFO - Procesando: 60387033.jpeg
2025-11-10 16:44:00 - PhotoCropPipeline - INFO - ============================================================
2025-11-10 16:44:00 - PhotoCropPipeline - INFO - 4.1 Validación básica...
2025-11-10 16:44:00 - PhotoCropPipeline - INFO -   Dimensiones: 1403x1600
2025-11-10 16:44:00 - PhotoCropPipeline - INFO -   Formato: JPEG
2025-11-10 16:44:00 - PhotoCropPipeline - INFO - 4.2 Creando metadato inicial...
2025-11-10 16:44:00 - PhotoCropPipeline - INFO -   Orientación: portrait
2025-11-10 16:44:00 - PhotoCropPipeline - INFO - 4.3 Detección facial con dlib...
2025-11-10 16:44:01 - PhotoCropPipeline - INFO -   Rostros detectados: 1
2025-11-10 16:44:01 - PhotoCropPipeline - INFO -   ✓ Un rostro detectado
2025-11-10 16:44:01 - PhotoCropPipeline - INFO -   ✓ Aplicando recorte...
2025-11-10 16:44:01 - PhotoCropPipeline - INFO -   ✓ Imagen procesada exitosamente → output/60387033.jpeg
2025-11-10 16:44:01 - PhotoCropPipeline - INFO - 
============================================================
2025-11-10 16:44:01 - PhotoCropPipeline - INFO - Procesando: 72836440.jpeg
2025-11-10 16:44:01 - PhotoCropPipeline - INFO - ============================================================
2025-11-10 16:44:01 - PhotoCropPipeline - INFO - 4.1 Validación básica...
2025-11-10 16:44:01 - PhotoCropPipeline - INFO -   Dimensiones: 960x1280
2025-11-10 16:44:01 - PhotoCropPipeline - INFO -   Formato: JPEG
2025-11-10 16:44:01 - PhotoCropPipeline - INFO - 4.2 Creando metadato inicial...
2025-11-10 16:44:01 - PhotoCropPipeline - INFO -   Orientación: portrait
2025-11-10 16:44:01 - PhotoCropPipeline - INFO - 4.3 Detección facial con dlib...
2025-11-10 16:44:01 - PhotoCropPipeline - INFO -   Rostros detectados: 1
2025-11-10 16:44:01 - PhotoCropPipeline - INFO -   ✓ Un rostro detectado
2025-11-10 16:44:01 - PhotoCropPipeline - INFO -   ✓ Aplicando recorte...
2025-11-10 16:44:01 - PhotoCropPipeline - INFO -   ✓ Imagen procesada exitosamente → output/72836440.jpeg
2025-11-10 16:44:01 - PhotoCropPipeline - INFO - 
============================================================
2025-11-10 16:44:01 - PhotoCropPipeline - INFO - Procesando: 73925636.png
2025-11-10 16:44:01 - PhotoCropPipeline - INFO - ============================================================
2025-11-10 16:44:01 - PhotoCropPipeline - INFO - 4.1 Validación básica...
2025-11-10 16:44:01 - PhotoCropPipeline - INFO -   Dimensiones: 458x710
2025-11-10 16:44:01 - PhotoCropPipeline - INFO -   Formato: PNG
2025-11-10 16:44:01 - PhotoCropPipeline - INFO - 4.2 Creando metadato inicial...
2025-11-10 16:44:01 - PhotoCropPipeline - INFO -   Orientación: portrait
2025-11-10 16:44:01 - PhotoCropPipeline - INFO - 4.3 Detección facial con dlib...
2025-11-10 16:44:01 - PhotoCropPipeline - INFO -   Rostros detectados: 1
2025-11-10 16:44:01 - PhotoCropPipeline - INFO -   ✓ Un rostro detectado
2025-11-10 16:44:01 - PhotoCropPipeline - INFO -   ✓ Aplicando recorte...
2025-11-10 16:44:01 - PhotoCropPipeline - INFO -   ✓ Imagen procesada exitosamente → output/73925636.png
2025-11-10 16:44:01 - PhotoCropPipeline - INFO - 
============================================================
2025-11-10 16:44:01 - PhotoCropPipeline - INFO - Procesando: 60685876.jpeg
2025-11-10 16:44:01 - PhotoCropPipeline - INFO - ============================================================
2025-11-10 16:44:01 - PhotoCropPipeline - INFO - 4.1 Validación básica...
2025-11-10 16:44:01 - PhotoCropPipeline - INFO -   Dimensiones: 728x1296
2025-11-10 16:44:01 - PhotoCropPipeline - INFO -   Formato: JPEG
2025-11-10 16:44:01 - PhotoCropPipeline - INFO - 4.2 Creando metadato inicial...
2025-11-10 16:44:01 - PhotoCropPipeline - INFO -   Orientación: portrait
2025-11-10 16:44:01 - PhotoCropPipeline - INFO - 4.3 Detección facial con dlib...
2025-11-10 16:44:02 - PhotoCropPipeline - INFO -   Rostros detectados: 1
2025-11-10 16:44:02 - PhotoCropPipeline - INFO -   ✓ Un rostro detectado
2025-11-10 16:44:02 - PhotoCropPipeline - INFO -   ✓ Aplicando recorte...
2025-11-10 16:44:02 - PhotoCropPipeline - INFO -   ✓ Imagen procesada exitosamente → output/60685876.jpeg
2025-11-10 16:44:02 - PhotoCropPipeline - INFO - 
============================================================
2025-11-10 16:44:02 - PhotoCropPipeline - INFO - Procesando: 61394054.jpeg
2025-11-10 16:44:02 - PhotoCropPipeline - INFO - ============================================================
2025-11-10 16:44:02 - PhotoCropPipeline - INFO - 4.1 Validación básica...
2025-11-10 16:44:02 - PhotoCropPipeline - INFO -   Dimensiones: 1200x1600
2025-11-10 16:44:02 - PhotoCropPipeline - INFO -   Formato: JPEG
2025-11-10 16:44:02 - PhotoCropPipeline - INFO - 4.2 Creando metadato inicial...
2025-11-10 16:44:02 - PhotoCropPipeline - INFO -   Orientación: portrait
2025-11-10 16:44:02 - PhotoCropPipeline - INFO - 4.3 Detección facial con dlib...
2025-11-10 16:44:02 - PhotoCropPipeline - INFO -   Rostros detectados: 2
2025-11-10 16:44:02 - PhotoCropPipeline - WARNING -   ⚠️  Detectados 2 rostros
2025-11-10 16:44:02 - PhotoCropPipeline - WARNING -   ⚠️  Imagen enviada a revisión manual → manual_review/2025/admission_2025_01/61394054.jpeg
2025-11-10 16:44:02 - PhotoCropPipeline - INFO - 
============================================================
2025-11-10 16:44:02 - PhotoCropPipeline - INFO - Procesando: 71677631.jpeg
2025-11-10 16:44:02 - PhotoCropPipeline - INFO - ============================================================
2025-11-10 16:44:02 - PhotoCropPipeline - INFO - 4.1 Validación básica...
2025-11-10 16:44:02 - PhotoCropPipeline - INFO -   Dimensiones: 1654x2339
2025-11-10 16:44:02 - PhotoCropPipeline - INFO -   Formato: JPEG
2025-11-10 16:44:02 - PhotoCropPipeline - INFO - 4.2 Creando metadato inicial...
2025-11-10 16:44:02 - PhotoCropPipeline - INFO -   Orientación: portrait
2025-11-10 16:44:02 - PhotoCropPipeline - INFO - 4.3 Detección facial con dlib...
2025-11-10 16:44:04 - PhotoCropPipeline - INFO -   Rostros detectados: 1
2025-11-10 16:44:04 - PhotoCropPipeline - INFO -   ✓ Un rostro detectado
2025-11-10 16:44:04 - PhotoCropPipeline - INFO -   ✓ Aplicando recorte...
2025-11-10 16:44:04 - PhotoCropPipeline - INFO -   ✓ Imagen procesada exitosamente → output/71677631.jpeg
2025-11-10 16:44:04 - PhotoCropPipeline - INFO - 
================================================================================
2025-11-10 16:44:04 - PhotoCropPipeline - INFO - 7. RESUMEN DE PROCESAMIENTO
2025-11-10 16:44:04 - PhotoCropPipeline - INFO - ================================================================================
2025-11-10 16:44:04 - PhotoCropPipeline - INFO - Total encontrados: 6
2025-11-10 16:44:04 - PhotoCropPipeline - INFO - Saltados (ya procesados): 0
2025-11-10 16:44:04 - PhotoCropPipeline - INFO - Nuevos procesados:
2025-11-10 16:44:04 - PhotoCropPipeline - INFO -   ✓ Exitosos: 5
2025-11-10 16:44:04 - PhotoCropPipeline - INFO -   ⚠️  Revisión manual: 1
2025-11-10 16:44:04 - PhotoCropPipeline - INFO -   ✗ Errores: 0
2025-11-10 16:44:04 - PhotoCropPipeline - INFO - ================================================================================
2025-11-10 16:45:00 - PhotoCropPipeline - INFO - ================================================================================
2025-11-10 16:45:00 - PhotoCropPipeline - INFO - INICIO DE PROCESADOR DETERMINISTA
2025-11-10 16:45:00 - PhotoCropPipeline - INFO - ================================================================================
2025-11-10 16:45:00 - PhotoCropPipeline - INFO - Configuración cargada desde: ./config/paths.json
2025-11-10 16:45:00 - PhotoCropPipeline - INFO - Inicialización completada
2025-11-10 16:45:00 - PhotoCropPipeline - INFO - 
================================================================================
2025-11-10 16:45:00 - PhotoCropPipeline - INFO - 2. ESCANEO DE ENTRADA
2025-11-10 16:45:00 - PhotoCropPipeline - INFO - ================================================================================
2025-11-10 16:45:00 - PhotoCropPipeline - INFO - Total de archivos encontrados: 6
2025-11-10 16:45:00 - PhotoCropPipeline - INFO - 
================================================================================
2025-11-10 16:45:00 - PhotoCropPipeline - INFO - 3. FILTRADO DE ARCHIVOS NUEVOS
2025-11-10 16:45:00 - PhotoCropPipeline - INFO - ================================================================================
2025-11-10 16:45:00 - PhotoCropPipeline - INFO - ✓ Ya procesado, saltando: 60387033.jpeg
2025-11-10 16:45:00 - PhotoCropPipeline - INFO - ✓ Ya procesado, saltando: 72836440.jpeg
2025-11-10 16:45:00 - PhotoCropPipeline - INFO - ✓ Ya procesado, saltando: 73925636.png
2025-11-10 16:45:00 - PhotoCropPipeline - INFO - ✓ Ya procesado, saltando: 60685876.jpeg
2025-11-10 16:45:00 - PhotoCropPipeline - INFO - ✓ Ya procesado, saltando: 61394054.jpeg
2025-11-10 16:45:00 - PhotoCropPipeline - INFO - ✓ Ya procesado, saltando: 71677631.jpeg
2025-11-10 16:45:00 - PhotoCropPipeline - INFO - No hay archivos nuevos para procesar
